[2025-04-29 16:09:11] Type: new_lead, Data: {
    "event": "ONCRMLEADADD",
    "event_handler_id": "4",
    "data": {
        "FIELDS": {
            "ID": "594"
        }
    },
    "ts": "1745922134",
    "auth": {
        "domain": "mondus.group",
        "client_endpoint": "https:\/\/mondus.group\/rest\/",
        "server_endpoint": "https:\/\/oauth.bitrix.info\/rest\/",
        "member_id": "087a973cd82b61bd6dab5b93af8af3b0",
        "application_token": "y6gyuv6yz0hur21qcdth57fuyi12dpnh"
    }
}
[2025-04-29 16:09:51] Type: new_lead, Data: {
    "event": "ONCRMLEADADD",
    "event_handler_id": "4",
    "data": {
        "FIELDS": {
            "ID": "594"
        }
    },
    "ts": "1745922134",
    "auth": {
        "domain": "mondus.group",
        "client_endpoint": "https:\/\/mondus.group\/rest\/",
        "server_endpoint": "https:\/\/oauth.bitrix.info\/rest\/",
        "member_id": "087a973cd82b61bd6dab5b93af8af3b0",
        "application_token": "y6gyuv6yz0hur21qcdth57fuyi12dpnh"
    }
}
